
> sso-demo@1.0.0 start-air
> open http://localhost:8080; vite --config vite.config-air.js -l silent --host

[0mGET / [36m302[0m 1.650 ms - 54[0m
==== REQUEST URL:  /
[0mGET /air/ [36m302[0m 0.748 ms - 86[0m
[0mGET /pages/air/home.html? [36m304[0m 12.768 ms - -[0m
[0mGET /@vite/client [36m304[0m 2.843 ms - -[0m
[0mGET /air/acme-logo.svg [36m304[0m 0.750 ms - -[0m
[0mGET /pages/air/init.js [36m304[0m 2.487 ms - -[0m
[0mGET /node_modules/vite/dist/client/env.mjs [36m304[0m 0.252 ms - -[0m
[0mGET /@fs/Users/avihai/dev/nwm_test_apps/ciam-expressjs-vanilla-samples/shared/pageUtils.js [36m304[0m 0.227 ms - -[0m
[0mGET /@fs/Users/avihai/dev/nwm_test_apps/ciam-expressjs-vanilla-samples/shared/css/style.scss [36m304[0m 16.279 ms - -[0m
/user-info undefined
[0mGET /air/user-info [33m404[0m 1.122 ms - 16[0m
[0mGET /air/acme-icon.svg [36m304[0m 0.395 ms - -[0m

  VITE v4.5.1  ready in 163 ms

  ➜  Local:   http://localhost:8080/
  ➜  Network: http://172.16.0.71:8080/
  ➜  Network: http://100.96.3.202:8080/
[0mGET / [36m302[0m 1.592 ms - 54[0m
==== REQUEST URL:  /
[0mGET /air/ [36m302[0m 0.686 ms - 86[0m
[0mGET /pages/air/home.html? [36m304[0m 12.004 ms - -[0m
[0mGET /air/acme-logo.svg [36m304[0m 2.737 ms - -[0m
[0mGET /pages/air/init.js [36m304[0m 940.872 ms - -[0m
[0mGET /@fs/Users/avihai/dev/nwm_test_apps/ciam-expressjs-vanilla-samples/shared/pageUtils.js [36m304[0m 0.186 ms - -[0m
[0mGET /@vite/client [36m304[0m 1086.402 ms - -[0m
[0mGET /@fs/Users/avihai/dev/nwm_test_apps/ciam-expressjs-vanilla-samples/shared/css/style.scss [36m304[0m 16.167 ms - -[0m
[0mGET /node_modules/vite/dist/client/env.mjs [36m304[0m 0.243 ms - -[0m
/user-info undefined
[0mGET /air/user-info [33m404[0m 0.938 ms - 16[0m
[0mGET / [36m302[0m 1.357 ms - 0[0m
==== REQUEST URL:  /
[0mGET /air/ [36m302[0m 0.564 ms - 0[0m
[0mGET /pages/air/home.html? [32m204[0m 0.254 ms - -[0m
[0mGET /pages/air/home.html? [32m200[0m 12.755 ms - -[0m
[0mGET /air/acme-logo.svg [36m304[0m 0.905 ms - -[0m
[0mGET /pages/air/init.js [36m304[0m 1.549 ms - -[0m
[0mGET /@fs/Users/avihai/dev/nwm_test_apps/ciam-expressjs-vanilla-samples/shared/pageUtils.js [36m304[0m 0.171 ms - -[0m
[0mGET /@vite/client [36m304[0m 117.645 ms - -[0m
[0mGET /node_modules/vite/dist/client/env.mjs [36m304[0m 1.105 ms - -[0m
[0mGET /@fs/Users/avihai/dev/nwm_test_apps/ciam-expressjs-vanilla-samples/shared/css/style.scss [36m304[0m 41.309 ms - -[0m
/user-info undefined
[0mGET /air/user-info [33m404[0m 1.045 ms - 16[0m
[0mGET /air/acme-icon.svg [36m304[0m 0.708 ms - -[0m
[0mGET / [36m302[0m 0.913 ms - 54[0m
==== REQUEST URL:  /
[0mGET /air/ [36m302[0m 0.524 ms - 86[0m
[0mGET /pages/air/home.html? [36m304[0m 4.995 ms - -[0m
[0mGET /@vite/client [36m304[0m 0.234 ms - -[0m
[0mGET /pages/air/init.js [36m304[0m 0.265 ms - -[0m
[0mGET /air/acme-logo.svg [36m304[0m 0.623 ms - -[0m
[0mGET /node_modules/vite/dist/client/env.mjs [36m304[0m 0.175 ms - -[0m
[0mGET /@fs/Users/avihai/dev/nwm_test_apps/ciam-expressjs-vanilla-samples/shared/css/style.scss [36m304[0m 0.223 ms - -[0m
[0mGET /@fs/Users/avihai/dev/nwm_test_apps/ciam-expressjs-vanilla-samples/shared/pageUtils.js [36m304[0m 0.218 ms - -[0m
/user-info undefined
[0mGET /air/user-info [33m404[0m 0.322 ms - 16[0m
[0mGET /pages/air/home.html? [36m304[0m 7.245 ms - -[0m
[0mGET /@vite/client [36m304[0m 0.679 ms - -[0m
[0mGET /pages/air/init.js [36m304[0m 0.439 ms - -[0m
[0mGET /air/acme-logo.svg [36m304[0m 1.651 ms - -[0m
[0mGET /@fs/Users/avihai/dev/nwm_test_apps/ciam-expressjs-vanilla-samples/shared/css/style.scss [36m304[0m 1.184 ms - -[0m
[0mGET /@fs/Users/avihai/dev/nwm_test_apps/ciam-expressjs-vanilla-samples/shared/pageUtils.js [36m304[0m 0.394 ms - -[0m
[0mGET /node_modules/vite/dist/client/env.mjs [36m304[0m 0.459 ms - -[0m
/user-info undefined
[0mGET /air/user-info [33m404[0m 1.500 ms - 16[0m
[0mGET /air/acme-icon.svg [36m304[0m 1.155 ms - -[0m
[0mGET / [36m302[0m 0.509 ms - 0[0m
==== REQUEST URL:  /
[0mGET /air/ [36m302[0m 0.923 ms - 0[0m
[0mGET /pages/air/home.html? [32m204[0m 0.465 ms - -[0m
[0mGET /pages/air/home.html? [32m200[0m 7.183 ms - -[0m
[0mGET /@vite/client [36m304[0m 0.501 ms - -[0m
[0mGET /pages/air/init.js [36m304[0m 0.416 ms - -[0m
[0mGET /air/acme-logo.svg [36m304[0m 1.169 ms - -[0m
[0mGET /@fs/Users/avihai/dev/nwm_test_apps/ciam-expressjs-vanilla-samples/shared/css/style.scss [36m304[0m 0.321 ms - -[0m
[0mGET /@fs/Users/avihai/dev/nwm_test_apps/ciam-expressjs-vanilla-samples/shared/pageUtils.js [36m304[0m 0.245 ms - -[0m
[0mGET /node_modules/vite/dist/client/env.mjs [36m304[0m 0.348 ms - -[0m
/user-info undefined
[0mGET /air/user-info [33m404[0m 0.675 ms - 16[0m
[0mGET /air/acme-icon.svg [36m304[0m 1.295 ms - -[0m
[0mGET /pages/air/home.html? [36m304[0m 6.191 ms - -[0m
[0mGET /@vite/client [36m304[0m 0.471 ms - -[0m
[0mGET /pages/air/init.js [36m304[0m 0.426 ms - -[0m
[0mGET /air/acme-logo.svg [36m304[0m 1.489 ms - -[0m
[0mGET /node_modules/vite/dist/client/env.mjs [36m304[0m 0.420 ms - -[0m
[0mGET /@fs/Users/avihai/dev/nwm_test_apps/ciam-expressjs-vanilla-samples/shared/css/style.scss [36m304[0m 0.450 ms - -[0m
[0mGET /@fs/Users/avihai/dev/nwm_test_apps/ciam-expressjs-vanilla-samples/shared/pageUtils.js [36m304[0m 0.525 ms - -[0m
/user-info undefined
[0mGET /air/user-info [33m404[0m 1.071 ms - 16[0m
[0mGET / [36m302[0m 0.700 ms - 54[0m
==== REQUEST URL:  /
[0mGET /air/ [36m302[0m 0.484 ms - 86[0m
[0mGET /pages/air/home.html? [32m200[0m 3.780 ms - -[0m
[0mGET /@vite/client [32m200[0m 0.884 ms - -[0m
[0mGET /pages/air/init.js [32m200[0m 0.373 ms - -[0m
[0mGET /air/acme-logo.svg [32m200[0m 1.131 ms - 6304[0m
[0mGET /@fs/Users/avihai/dev/nwm_test_apps/ciam-expressjs-vanilla-samples/shared/css/style.scss [32m200[0m 0.501 ms - -[0m
[0mGET /@fs/Users/avihai/dev/nwm_test_apps/ciam-expressjs-vanilla-samples/shared/pageUtils.js [32m200[0m 0.316 ms - -[0m
[0mGET /node_modules/vite/dist/client/env.mjs [32m200[0m 0.431 ms - -[0m
/user-info undefined
[0mGET /air/user-info [33m404[0m 1.247 ms - 16[0m
[0mGET /air/acme-icon.svg [32m200[0m 1.252 ms - 2565[0m
[0mGET /pages/air/home.html? [32m200[0m 7.845 ms - -[0m
[0mGET /@vite/client [36m304[0m 1.049 ms - -[0m
[0mGET /pages/air/init.js [36m304[0m 0.387 ms - -[0m
[0mGET /air/acme-logo.svg [36m304[0m 2.184 ms - -[0m
[0mGET /node_modules/vite/dist/client/env.mjs [36m304[0m 0.767 ms - -[0m
[0mGET /@fs/Users/avihai/dev/nwm_test_apps/ciam-expressjs-vanilla-samples/shared/css/style.scss [36m304[0m 0.439 ms - -[0m
[0mGET /@fs/Users/avihai/dev/nwm_test_apps/ciam-expressjs-vanilla-samples/shared/pageUtils.js [36m304[0m 1.378 ms - -[0m
/user-info undefined
[0mGET /air/user-info [33m404[0m 0.759 ms - 16[0m
[0mGET /air/acme-icon.svg [36m304[0m 0.800 ms - -[0m
[0mGET /pages/air/home.html? [32m200[0m 3.056 ms - -[0m
[0mGET /@vite/client [36m304[0m 0.725 ms - -[0m
[0mGET /pages/air/init.js [36m304[0m 0.653 ms - -[0m
[0mGET /air/acme-logo.svg [36m304[0m 2.683 ms - -[0m
[0mGET /@fs/Users/avihai/dev/nwm_test_apps/ciam-expressjs-vanilla-samples/shared/css/style.scss [36m304[0m 0.569 ms - -[0m
[0mGET /@fs/Users/avihai/dev/nwm_test_apps/ciam-expressjs-vanilla-samples/shared/pageUtils.js [36m304[0m 0.517 ms - -[0m
[0mGET /node_modules/vite/dist/client/env.mjs [36m304[0m 0.547 ms - -[0m
/user-info undefined
[0mGET /air/user-info [33m404[0m 0.975 ms - 16[0m
[0mGET /air/acme-icon.svg [36m304[0m 1.272 ms - -[0m
[0mGET / [36m302[0m 0.686 ms - 54[0m
==== REQUEST URL:  /
[0mGET /air/ [36m302[0m 0.747 ms - 86[0m
[0mGET /pages/air/home.html? [36m304[0m 2.987 ms - -[0m
[0mGET /@vite/client [36m304[0m 0.402 ms - -[0m
[0mGET /pages/air/init.js [36m304[0m 0.339 ms - -[0m
[0mGET /air/acme-logo.svg [36m304[0m 0.606 ms - -[0m
[0mGET /node_modules/vite/dist/client/env.mjs [36m304[0m 0.369 ms - -[0m
[0mGET /@fs/Users/avihai/dev/nwm_test_apps/ciam-expressjs-vanilla-samples/shared/css/style.scss [36m304[0m 0.268 ms - -[0m
[0mGET /@fs/Users/avihai/dev/nwm_test_apps/ciam-expressjs-vanilla-samples/shared/pageUtils.js [36m304[0m 0.181 ms - -[0m
/user-info undefined
[0mGET /air/user-info [33m404[0m 0.813 ms - 16[0m
[0mGET /pages/air/home.html? [36m304[0m 3.605 ms - -[0m
[0mGET /@vite/client [36m304[0m 0.298 ms - -[0m
[0mGET /pages/air/init.js [36m304[0m 0.311 ms - -[0m
[0mGET /air/acme-logo.svg [36m304[0m 0.829 ms - -[0m
[0mGET /@fs/Users/avihai/dev/nwm_test_apps/ciam-expressjs-vanilla-samples/shared/css/style.scss [36m304[0m 0.275 ms - -[0m
[0mGET /@fs/Users/avihai/dev/nwm_test_apps/ciam-expressjs-vanilla-samples/shared/pageUtils.js [36m304[0m 0.195 ms - -[0m
[0mGET /node_modules/vite/dist/client/env.mjs [36m304[0m 0.450 ms - -[0m
/user-info undefined
[0mGET /air/user-info [33m404[0m 0.622 ms - 16[0m
[0mGET /air/acme-icon.svg [36m304[0m 0.770 ms - -[0m
[0mGET /pages/air/home.html? [36m304[0m 6.508 ms - -[0m
[0mGET /@vite/client [36m304[0m 0.975 ms - -[0m
[0mGET /air/acme-logo.svg [36m304[0m 1.037 ms - -[0m
[0mGET /pages/air/init.js [36m304[0m 0.538 ms - -[0m
[0mGET /node_modules/vite/dist/client/env.mjs [36m304[0m 0.384 ms - -[0m
[0mGET /@fs/Users/avihai/dev/nwm_test_apps/ciam-expressjs-vanilla-samples/shared/pageUtils.js [36m304[0m 0.311 ms - -[0m
[0mGET /@fs/Users/avihai/dev/nwm_test_apps/ciam-expressjs-vanilla-samples/shared/css/style.scss [36m304[0m 0.526 ms - -[0m
/user-info undefined
[0mGET /air/user-info [33m404[0m 0.880 ms - 16[0m
[0mGET /air/acme-icon.svg [36m304[0m 1.446 ms - -[0m
[0mGET /pages/air/home.html? [36m304[0m 4.074 ms - -[0m
[0mGET /@vite/client [36m304[0m 0.299 ms - -[0m
[0mGET /pages/air/init.js [36m304[0m 0.296 ms - -[0m
[0mGET /air/acme-logo.svg [36m304[0m 0.867 ms - -[0m
[0mGET /node_modules/vite/dist/client/env.mjs [36m304[0m 0.265 ms - -[0m
[0mGET /@fs/Users/avihai/dev/nwm_test_apps/ciam-expressjs-vanilla-samples/shared/css/style.scss [36m304[0m 0.245 ms - -[0m
[0mGET /@fs/Users/avihai/dev/nwm_test_apps/ciam-expressjs-vanilla-samples/shared/pageUtils.js [36m304[0m 0.207 ms - -[0m
/user-info undefined
[0mGET /air/user-info [33m404[0m 0.696 ms - 16[0m
[0mGET /air/acme-icon.svg [36m304[0m 0.938 ms - -[0m
[0mGET /pages/air/home.html? [36m304[0m 2.750 ms - -[0m
[0mGET /@vite/client [36m304[0m 0.392 ms - -[0m
[0mGET /pages/air/init.js [36m304[0m 0.311 ms - -[0m
[0mGET /air/acme-logo.svg [36m304[0m 0.843 ms - -[0m
[0mGET /@fs/Users/avihai/dev/nwm_test_apps/ciam-expressjs-vanilla-samples/shared/css/style.scss [36m304[0m 0.243 ms - -[0m
[0mGET /@fs/Users/avihai/dev/nwm_test_apps/ciam-expressjs-vanilla-samples/shared/pageUtils.js [36m304[0m 0.248 ms - -[0m
[0mGET /node_modules/vite/dist/client/env.mjs [36m304[0m 0.318 ms - -[0m
/user-info undefined
[0mGET /air/user-info [33m404[0m 0.828 ms - 16[0m
[0mGET /air/acme-icon.svg [36m304[0m 0.840 ms - -[0m
[0mGET / [36m302[0m 1.076 ms - 0[0m
==== REQUEST URL:  /
[0mGET /air/ [36m302[0m 0.458 ms - 0[0m
[0mGET /pages/air/home.html? [32m204[0m 0.275 ms - -[0m
[0mGET /pages/air/home.html? [32m200[0m 12.866 ms - -[0m
[0mGET /air/acme-logo.svg [36m304[0m 0.879 ms - -[0m
[0mGET /pages/air/init.js [32m200[0m 3.119 ms - -[0m
[0mGET /@fs/Users/avihai/dev/nwm_test_apps/ciam-expressjs-vanilla-samples/shared/pageUtils.js [36m304[0m 0.170 ms - -[0m
[0mGET /@vite/client [36m304[0m 138.251 ms - -[0m
[0mGET /node_modules/vite/dist/client/env.mjs [36m304[0m 0.459 ms - -[0m
[0mGET /@fs/Users/avihai/dev/nwm_test_apps/ciam-expressjs-vanilla-samples/shared/css/style.scss [36m304[0m 25.452 ms - -[0m
/user-info undefined
[0mGET /air/user-info [33m404[0m 1.240 ms - 16[0m
[0mGET /air/acme-icon.svg [36m304[0m 0.631 ms - -[0m
[0mGET /pages/air/home.html? [36m304[0m 6.175 ms - -[0m
[0mGET /@vite/client [36m304[0m 0.398 ms - -[0m
[0mGET /pages/air/init.js [36m304[0m 0.652 ms - -[0m
[0mGET /node_modules/vite/dist/client/env.mjs [36m304[0m 0.389 ms - -[0m
[0mGET /@fs/Users/avihai/dev/nwm_test_apps/ciam-expressjs-vanilla-samples/shared/css/style.scss [36m304[0m 0.304 ms - -[0m
[0mGET /air/acme-logo.svg [36m304[0m 0.873 ms - -[0m
[0mGET /@fs/Users/avihai/dev/nwm_test_apps/ciam-expressjs-vanilla-samples/shared/pageUtils.js [36m304[0m 0.244 ms - -[0m
/user-info undefined
[0mGET /air/user-info [33m404[0m 0.468 ms - 16[0m
[0mGET /air/acme-icon.svg [36m304[0m 1.013 ms - -[0m
[0mGET / [36m302[0m 1.445 ms - 54[0m
==== REQUEST URL:  /
[0mGET /air/ [36m302[0m 0.740 ms - 86[0m
[0mGET /pages/air/home.html? [36m304[0m 16.078 ms - -[0m
[0mGET /@vite/client [36m304[0m 0.384 ms - -[0m
[0mGET /pages/air/init.js [36m304[0m 0.314 ms - -[0m
[0mGET /air/acme-logo.svg [36m304[0m 0.795 ms - -[0m
[0mGET /@fs/Users/avihai/dev/nwm_test_apps/ciam-expressjs-vanilla-samples/shared/css/style.scss [36m304[0m 0.377 ms - -[0m
[0mGET /@fs/Users/avihai/dev/nwm_test_apps/ciam-expressjs-vanilla-samples/shared/pageUtils.js [36m304[0m 0.276 ms - -[0m
[0mGET /node_modules/vite/dist/client/env.mjs [36m304[0m 0.498 ms - -[0m
/user-info undefined
[0mGET /air/user-info [33m404[0m 0.834 ms - 16[0m
[0mGET / [36m302[0m 0.559 ms - 54[0m
==== REQUEST URL:  /
[0mGET /air/ [36m302[0m 0.743 ms - 86[0m
[0mGET /pages/air/home.html? [36m304[0m 5.988 ms - -[0m
[0mGET /@vite/client [36m304[0m 0.538 ms - -[0m
[0mGET /pages/air/init.js [36m304[0m 0.340 ms - -[0m
[0mGET /air/acme-logo.svg [36m304[0m 0.791 ms - -[0m
[0mGET /@fs/Users/avihai/dev/nwm_test_apps/ciam-expressjs-vanilla-samples/shared/css/style.scss [36m304[0m 0.411 ms - -[0m
[0mGET /@fs/Users/avihai/dev/nwm_test_apps/ciam-expressjs-vanilla-samples/shared/pageUtils.js [36m304[0m 0.366 ms - -[0m
[0mGET /node_modules/vite/dist/client/env.mjs [36m304[0m 0.298 ms - -[0m
/user-info undefined
[0mGET /air/user-info [33m404[0m 0.907 ms - 16[0m
[0mGET / [36m302[0m 1.935 ms - 0[0m
==== REQUEST URL:  /
[0mGET /air/ [36m302[0m 1.229 ms - 0[0m
[0mGET /pages/air/home.html? [32m204[0m 0.576 ms - -[0m
[0mGET /pages/air/home.html? [32m200[0m 7.999 ms - -[0m
[0mGET /@vite/client [36m304[0m 1.095 ms - -[0m
[0mGET /pages/air/init.js [32m200[0m 1.164 ms - -[0m
[0mGET /air/acme-logo.svg [36m304[0m 1.153 ms - -[0m
[0mGET /@fs/Users/avihai/dev/nwm_test_apps/ciam-expressjs-vanilla-samples/shared/css/style.scss [36m304[0m 0.403 ms - -[0m
[0mGET /@fs/Users/avihai/dev/nwm_test_apps/ciam-expressjs-vanilla-samples/shared/pageUtils.js [36m304[0m 0.569 ms - -[0m
[0mGET /node_modules/vite/dist/client/env.mjs [36m304[0m 0.626 ms - -[0m
/user-info undefined
[0mGET /air/user-info [33m404[0m 0.952 ms - 16[0m
[0mGET /air/acme-icon.svg [36m304[0m 1.051 ms - -[0m
[0mGET /pages/air/home.html? [36m304[0m 4.695 ms - -[0m
[0mGET /@vite/client [36m304[0m 0.570 ms - -[0m
[0mGET /pages/air/init.js [36m304[0m 0.345 ms - -[0m
[0mGET /air/acme-logo.svg [36m304[0m 0.780 ms - -[0m
[0mGET /node_modules/vite/dist/client/env.mjs [36m304[0m 0.813 ms - -[0m
[0mGET /@fs/Users/avihai/dev/nwm_test_apps/ciam-expressjs-vanilla-samples/shared/css/style.scss [36m304[0m 0.442 ms - -[0m
[0mGET /@fs/Users/avihai/dev/nwm_test_apps/ciam-expressjs-vanilla-samples/shared/pageUtils.js [36m304[0m 0.223 ms - -[0m
/user-info undefined
[0mGET /air/user-info [33m404[0m 0.699 ms - 16[0m
[0mGET /air/acme-icon.svg [36m304[0m 1.357 ms - -[0m
[0mGET / [36m302[0m 0.590 ms - 0[0m
==== REQUEST URL:  /
[0mGET /air/ [36m302[0m 7.344 ms - 0[0m
[0mGET /pages/air/home.html? [32m204[0m 0.500 ms - -[0m
[0mGET /pages/air/home.html? [32m200[0m 4.094 ms - -[0m
[0mGET /@vite/client [36m304[0m 0.524 ms - -[0m
[0mGET /pages/air/init.js [36m304[0m 0.438 ms - -[0m
[0mGET /air/acme-logo.svg [36m304[0m 0.908 ms - -[0m
[0mGET /@fs/Users/avihai/dev/nwm_test_apps/ciam-expressjs-vanilla-samples/shared/css/style.scss [36m304[0m 0.960 ms - -[0m
[0mGET /@fs/Users/avihai/dev/nwm_test_apps/ciam-expressjs-vanilla-samples/shared/pageUtils.js [36m304[0m 0.328 ms - -[0m
[0mGET /node_modules/vite/dist/client/env.mjs [36m304[0m 0.339 ms - -[0m
/user-info undefined
[0mGET /air/user-info [33m404[0m 0.756 ms - 16[0m
[0mGET /air/acme-icon.svg [36m304[0m 1.123 ms - -[0m
[0mGET /pages/air/home.html? [36m304[0m 13.046 ms - -[0m
[0mGET /air/acme-logo.svg [36m304[0m 0.702 ms - -[0m
[0mGET /pages/air/init.js [32m200[0m 1.564 ms - -[0m
[0mGET /@fs/Users/avihai/dev/nwm_test_apps/ciam-expressjs-vanilla-samples/shared/pageUtils.js [36m304[0m 0.203 ms - -[0m
[0mGET /@vite/client [36m304[0m 143.672 ms - -[0m
[0mGET /node_modules/vite/dist/client/env.mjs [36m304[0m 0.229 ms - -[0m
[0mGET /@fs/Users/avihai/dev/nwm_test_apps/ciam-expressjs-vanilla-samples/shared/css/style.scss [36m304[0m 24.377 ms - -[0m
/user-info undefined
[0mGET /air/user-info [33m404[0m 1.560 ms - 16[0m
[0mGET /air/acme-icon.svg [36m304[0m 1.108 ms - -[0m
[0mGET / [36m302[0m 1.628 ms - 54[0m
==== REQUEST URL:  /
[0mGET /air/ [36m302[0m 0.811 ms - 86[0m
[0mGET /pages/air/home.html? [36m304[0m 11.774 ms - -[0m
[0mGET /@vite/client [36m304[0m 3.269 ms - -[0m
[0mGET /air/acme-logo.svg [36m304[0m 0.771 ms - -[0m
[0mGET /pages/air/init.js [32m200[0m 2.966 ms - -[0m
[0mGET /node_modules/vite/dist/client/env.mjs [36m304[0m 0.211 ms - -[0m
[0mGET /@fs/Users/avihai/dev/nwm_test_apps/ciam-expressjs-vanilla-samples/shared/pageUtils.js [36m304[0m 0.242 ms - -[0m
[0mGET /@fs/Users/avihai/dev/nwm_test_apps/ciam-expressjs-vanilla-samples/shared/css/style.scss [36m304[0m 22.670 ms - -[0m
/user-info undefined
[0mGET /air/user-info [33m404[0m 1.177 ms - 16[0m
[0mGET / [36m302[0m 1.016 ms - 54[0m
==== REQUEST URL:  /
[0mGET /air/ [36m302[0m 1.246 ms - 86[0m
[0mGET /pages/air/home.html? [36m304[0m 10.306 ms - -[0m
[0mGET /@vite/client [36m304[0m 1.136 ms - -[0m
[0mGET /pages/air/init.js [36m304[0m 0.568 ms - -[0m
[0mGET /air/acme-logo.svg [36m304[0m 1.018 ms - -[0m
[0mGET /@fs/Users/avihai/dev/nwm_test_apps/ciam-expressjs-vanilla-samples/shared/css/style.scss [36m304[0m 0.731 ms - -[0m
[0mGET /@fs/Users/avihai/dev/nwm_test_apps/ciam-expressjs-vanilla-samples/shared/pageUtils.js [36m304[0m 0.349 ms - -[0m
[0mGET /node_modules/vite/dist/client/env.mjs [36m304[0m 0.344 ms - -[0m
/user-info undefined
[0mGET /air/user-info [33m404[0m 0.923 ms - 16[0m
[0mGET / [36m302[0m 0.512 ms - 54[0m
==== REQUEST URL:  /
[0mGET /air/ [36m302[0m 1.056 ms - 86[0m
[0mGET /pages/air/home.html? [36m304[0m 4.181 ms - -[0m
[0mGET /@vite/client [36m304[0m 0.449 ms - -[0m
[0mGET /pages/air/init.js [36m304[0m 0.723 ms - -[0m
[0mGET /air/acme-logo.svg [36m304[0m 0.719 ms - -[0m
[0mGET /node_modules/vite/dist/client/env.mjs [36m304[0m 0.347 ms - -[0m
[0mGET /@fs/Users/avihai/dev/nwm_test_apps/ciam-expressjs-vanilla-samples/shared/pageUtils.js [36m304[0m 0.445 ms - -[0m
[0mGET /@fs/Users/avihai/dev/nwm_test_apps/ciam-expressjs-vanilla-samples/shared/css/style.scss [36m304[0m 0.524 ms - -[0m
/user-info undefined
[0mGET /air/user-info [33m404[0m 0.667 ms - 16[0m
[0mGET / [36m302[0m 2.605 ms - 54[0m
==== REQUEST URL:  /
[0mGET /air/ [36m302[0m 0.769 ms - 86[0m
[0mGET /pages/air/home.html? [36m304[0m 9.957 ms - -[0m
[0mGET /@vite/client [36m304[0m 0.375 ms - -[0m
[0mGET /pages/air/init.js [32m200[0m 0.283 ms - -[0m
[0mGET /air/acme-logo.svg [36m304[0m 0.768 ms - -[0m
[0mGET /@fs/Users/avihai/dev/nwm_test_apps/ciam-expressjs-vanilla-samples/shared/css/style.scss [36m304[0m 0.516 ms - -[0m
[0mGET /@fs/Users/avihai/dev/nwm_test_apps/ciam-expressjs-vanilla-samples/shared/pageUtils.js [36m304[0m 0.275 ms - -[0m
[0mGET /node_modules/vite/dist/client/env.mjs [36m304[0m 0.366 ms - -[0m
/user-info undefined
[0mGET /air/user-info [33m404[0m 0.703 ms - 16[0m
[0mGET / [36m302[0m 1.535 ms - 54[0m
==== REQUEST URL:  /
[0mGET /air/ [36m302[0m 1.139 ms - 86[0m
[0mGET /pages/air/home.html? [36m304[0m 6.142 ms - -[0m
[0mGET /@vite/client [36m304[0m 0.636 ms - -[0m
[0mGET /pages/air/init.js [36m304[0m 0.385 ms - -[0m
[0mGET /air/acme-logo.svg [36m304[0m 1.363 ms - -[0m
[0mGET /@fs/Users/avihai/dev/nwm_test_apps/ciam-expressjs-vanilla-samples/shared/css/style.scss [36m304[0m 0.440 ms - -[0m
[0mGET /@fs/Users/avihai/dev/nwm_test_apps/ciam-expressjs-vanilla-samples/shared/pageUtils.js [36m304[0m 0.257 ms - -[0m
[0mGET /node_modules/vite/dist/client/env.mjs [36m304[0m 0.332 ms - -[0m
/user-info undefined
[0mGET /air/user-info [33m404[0m 0.938 ms - 16[0m
[0mGET / [36m302[0m 7.985 ms - 54[0m
==== REQUEST URL:  /
[0mGET /air/ [36m302[0m 0.914 ms - 86[0m
[0mGET /pages/air/home.html? [36m304[0m 4.664 ms - -[0m
[0mGET /@vite/client [36m304[0m 0.486 ms - -[0m
[0mGET /air/acme-logo.svg [36m304[0m 2.201 ms - -[0m
[0mGET /pages/air/init.js [36m304[0m 0.613 ms - -[0m
[0mGET /@fs/Users/avihai/dev/nwm_test_apps/ciam-expressjs-vanilla-samples/shared/css/style.scss [36m304[0m 0.511 ms - -[0m
[0mGET /@fs/Users/avihai/dev/nwm_test_apps/ciam-expressjs-vanilla-samples/shared/pageUtils.js [36m304[0m 0.212 ms - -[0m
[0mGET /node_modules/vite/dist/client/env.mjs [36m304[0m 1.918 ms - -[0m
/user-info undefined
[0mGET /air/user-info [33m404[0m 0.726 ms - 16[0m
[0mGET /air/acme-icon.svg [36m304[0m 1.029 ms - -[0m
[0mGET /pages/air/ [33m404[0m 2.430 ms - -[0m
[0mGET / [36m302[0m 1.807 ms - 54[0m
==== REQUEST URL:  /
[0mGET /air/ [36m302[0m 0.645 ms - 86[0m
[0mGET /pages/air/home.html? [36m304[0m 3.989 ms - -[0m
[0mGET /@vite/client [32m200[0m 1.335 ms - -[0m
[0mGET /air/acme-logo.svg [36m304[0m 1.405 ms - -[0m
[0mGET /pages/air/init.js [36m304[0m 0.711 ms - -[0m
[0mGET /@fs/Users/avihai/dev/nwm_test_apps/ciam-expressjs-vanilla-samples/shared/css/style.scss [36m304[0m 0.431 ms - -[0m
[0mGET /node_modules/vite/dist/client/env.mjs [36m304[0m 0.309 ms - -[0m
[0mGET /@fs/Users/avihai/dev/nwm_test_apps/ciam-expressjs-vanilla-samples/shared/pageUtils.js [36m304[0m 0.277 ms - -[0m
/user-info undefined
[0mGET /air/user-info [33m404[0m 0.877 ms - 16[0m
[0mGET / [36m302[0m 0.681 ms - 54[0m
==== REQUEST URL:  /
[0mGET /air/ [36m302[0m 0.534 ms - 86[0m
[0mGET /pages/air/home.html? [36m304[0m 5.375 ms - -[0m
[0mGET /@vite/client [36m304[0m 0.511 ms - -[0m
[0mGET /pages/air/init.js [36m304[0m 0.481 ms - -[0m
[0mGET /air/acme-logo.svg [36m304[0m 0.647 ms - -[0m
[0mGET /node_modules/vite/dist/client/env.mjs [36m304[0m 0.337 ms - -[0m
[0mGET /@fs/Users/avihai/dev/nwm_test_apps/ciam-expressjs-vanilla-samples/shared/css/style.scss [36m304[0m 0.256 ms - -[0m
[0mGET /@fs/Users/avihai/dev/nwm_test_apps/ciam-expressjs-vanilla-samples/shared/pageUtils.js [36m304[0m 0.180 ms - -[0m
/user-info undefined
[0mGET /air/user-info [33m404[0m 0.696 ms - 16[0m
[0mGET / [36m302[0m 0.996 ms - 54[0m
==== REQUEST URL:  /
[0mGET /air/ [36m302[0m 0.572 ms - 86[0m
[0mGET /pages/air/home.html? [36m304[0m 5.991 ms - -[0m
[0mGET /@vite/client [36m304[0m 0.688 ms - -[0m
[0mGET /air/acme-logo.svg [36m304[0m 1.766 ms - -[0m
[0mGET /pages/air/init.js [32m200[0m 5.209 ms - -[0m
[0mGET /node_modules/vite/dist/client/env.mjs [36m304[0m 0.217 ms - -[0m
[0mGET /@fs/Users/avihai/dev/nwm_test_apps/ciam-expressjs-vanilla-samples/shared/css/style.scss?t=1702070346979 [32m200[0m 0.299 ms - -[0m
[0mGET /@fs/Users/avihai/dev/nwm_test_apps/ciam-expressjs-vanilla-samples/shared/pageUtils.js [36m304[0m 0.134 ms - -[0m
/user-info undefined
[0mGET /air/user-info [33m404[0m 0.340 ms - 16[0m
[0mGET / [36m302[0m 0.735 ms - 54[0m
==== REQUEST URL:  /
[0mGET /air/ [36m302[0m 1.330 ms - 86[0m
[0mGET /pages/air/home.html? [36m304[0m 6.354 ms - -[0m
[0mGET /@vite/client [36m304[0m 0.715 ms - -[0m
[0mGET /pages/air/init.js [36m304[0m 1.190 ms - -[0m
[0mGET /air/acme-logo.svg [36m304[0m 1.197 ms - -[0m
[0mGET /node_modules/vite/dist/client/env.mjs [36m304[0m 1.370 ms - -[0m
[0mGET /@fs/Users/avihai/dev/nwm_test_apps/ciam-expressjs-vanilla-samples/shared/css/style.scss?t=1702070346979 [36m304[0m 0.958 ms - -[0m
[0mGET /@fs/Users/avihai/dev/nwm_test_apps/ciam-expressjs-vanilla-samples/shared/pageUtils.js [36m304[0m 0.442 ms - -[0m
/user-info undefined
[0mGET /air/user-info [33m404[0m 2.120 ms - 16[0m
[0mGET / [36m302[0m 0.613 ms - 54[0m
==== REQUEST URL:  /
[0mGET /air/ [36m302[0m 1.185 ms - 86[0m
[0mGET /pages/air/home.html? [36m304[0m 4.148 ms - -[0m
[0mGET /@vite/client [36m304[0m 1.177 ms - -[0m
[0mGET /pages/air/init.js [36m304[0m 0.580 ms - -[0m
[0mGET /air/acme-logo.svg [36m304[0m 0.914 ms - -[0m
[0mGET /node_modules/vite/dist/client/env.mjs [36m304[0m 0.776 ms - -[0m
[0mGET /@fs/Users/avihai/dev/nwm_test_apps/ciam-expressjs-vanilla-samples/shared/css/style.scss?t=1702070346979 [36m304[0m 0.488 ms - -[0m
[0mGET /@fs/Users/avihai/dev/nwm_test_apps/ciam-expressjs-vanilla-samples/shared/pageUtils.js [36m304[0m 0.436 ms - -[0m
/user-info undefined
[0mGET /air/user-info [33m404[0m 1.331 ms - 16[0m
[0mGET / [36m302[0m 0.805 ms - 54[0m
==== REQUEST URL:  /
[0mGET /air/ [36m302[0m 1.493 ms - 86[0m
[0mGET /pages/air/home.html? [36m304[0m 5.022 ms - -[0m
[0mGET /@vite/client [36m304[0m 0.756 ms - -[0m
[0mGET /pages/air/init.js [36m304[0m 0.574 ms - -[0m
[0mGET /air/acme-logo.svg [36m304[0m 1.601 ms - -[0m
[0mGET /node_modules/vite/dist/client/env.mjs [36m304[0m 1.220 ms - -[0m
[0mGET /@fs/Users/avihai/dev/nwm_test_apps/ciam-expressjs-vanilla-samples/shared/css/style.scss?t=1702070346979 [36m304[0m 0.535 ms - -[0m
[0mGET /@fs/Users/avihai/dev/nwm_test_apps/ciam-expressjs-vanilla-samples/shared/pageUtils.js [36m304[0m 1.153 ms - -[0m
/user-info undefined
[0mGET /air/user-info [33m404[0m 1.384 ms - 16[0m
[0mGET / [36m302[0m 0.629 ms - 54[0m
==== REQUEST URL:  /
[0mGET /air/ [36m302[0m 1.656 ms - 86[0m
[0mGET /pages/air/home.html? [36m304[0m 3.801 ms - -[0m
[0mGET /@vite/client [36m304[0m 0.657 ms - -[0m
[0mGET /pages/air/init.js [36m304[0m 0.530 ms - -[0m
[0mGET /air/acme-logo.svg [36m304[0m 1.070 ms - -[0m
[0mGET /@fs/Users/avihai/dev/nwm_test_apps/ciam-expressjs-vanilla-samples/shared/css/style.scss?t=1702070346979 [36m304[0m 0.506 ms - -[0m
[0mGET /@fs/Users/avihai/dev/nwm_test_apps/ciam-expressjs-vanilla-samples/shared/pageUtils.js [36m304[0m 0.466 ms - -[0m
[0mGET /node_modules/vite/dist/client/env.mjs [36m304[0m 0.535 ms - -[0m
/user-info undefined
[0mGET /air/user-info [33m404[0m 1.384 ms - 16[0m
[0mGET / [36m302[0m 1.595 ms - 54[0m
==== REQUEST URL:  /
[0mGET /air/ [36m302[0m 2.359 ms - 86[0m
[0mGET /pages/air/home.html? [36m304[0m 6.344 ms - -[0m
[0mGET /@vite/client [36m304[0m 0.837 ms - -[0m
[0mGET /pages/air/init.js [36m304[0m 0.858 ms - -[0m
[0mGET /air/acme-logo.svg [36m304[0m 2.137 ms - -[0m
[0mGET /node_modules/vite/dist/client/env.mjs [36m304[0m 0.876 ms - -[0m
[0mGET /@fs/Users/avihai/dev/nwm_test_apps/ciam-expressjs-vanilla-samples/shared/css/style.scss?t=1702070346979 [36m304[0m 0.700 ms - -[0m
[0mGET /@fs/Users/avihai/dev/nwm_test_apps/ciam-expressjs-vanilla-samples/shared/pageUtils.js [36m304[0m 0.555 ms - -[0m
/user-info undefined
[0mGET /air/user-info [33m404[0m 1.704 ms - 16[0m
